<?xml version="1.0" encoding="UTF-8"?>
<testng-results ignored="0" total="2" passed="2" failed="0" skipped="0">
  <reporter-output>
  </reporter-output>
  <suite started-at="2023-08-30T10:08:58 IST" name="Default suite" finished-at="2023-08-30T10:09:40 IST" duration-ms="42070">
    <groups>
    </groups>
    <test started-at="2023-08-30T10:08:58 IST" name="Default test" finished-at="2023-08-30T10:09:40 IST" duration-ms="42070">
      <class name="tests.Login">
        <test-method is-config="true" signature="launchBrowser()[pri:0, instance:tests.Login@5149d738]" started-at="2023-08-30T10:08:58 IST" name="launchBrowser" finished-at="2023-08-30T10:09:08 IST" duration-ms="10270" status="PASS">
          <reporter-output>
          </reporter-output>
        </test-method> <!-- launchBrowser -->
        <test-method signature="Login(java.lang.String,java.lang.String,java.lang.String)[pri:0, instance:tests.Login@5149d738]" started-at="2023-08-30T10:09:08 IST" name="Login" data-provider="loginData" finished-at="2023-08-30T10:09:16 IST" duration-ms="8238" status="PASS">
          <params>
            <param index="0">
              <value>
                <![CDATA[Admin]]>
              </value>
            </param>
            <param index="1">
              <value>
                <![CDATA[admin123]]>
              </value>
            </param>
            <param index="2">
              <value>
                <![CDATA[Pass]]>
              </value>
            </param>
          </params>
          <reporter-output>
          </reporter-output>
        </test-method> <!-- Login -->
        <test-method is-config="true" signature="closure()[pri:0, instance:tests.Login@5149d738]" started-at="2023-08-30T10:09:16 IST" name="closure" finished-at="2023-08-30T10:09:17 IST" duration-ms="361" status="PASS">
          <reporter-output>
          </reporter-output>
        </test-method> <!-- closure -->
        <test-method is-config="true" signature="launchBrowser()[pri:0, instance:tests.Login@5149d738]" started-at="2023-08-30T10:09:17 IST" name="launchBrowser" finished-at="2023-08-30T10:09:23 IST" duration-ms="5939" status="PASS">
          <reporter-output>
          </reporter-output>
        </test-method> <!-- launchBrowser -->
        <test-method signature="Login(java.lang.String,java.lang.String,java.lang.String)[pri:0, instance:tests.Login@5149d738]" started-at="2023-08-30T10:09:23 IST" name="Login" data-provider="loginData" finished-at="2023-08-30T10:09:39 IST" duration-ms="16345" status="PASS">
          <params>
            <param index="0">
              <value>
                <![CDATA[Abc123]]>
              </value>
            </param>
            <param index="1">
              <value>
                <![CDATA[Pavan@1234]]>
              </value>
            </param>
            <param index="2">
              <value>
                <![CDATA[Fail]]>
              </value>
            </param>
          </params>
          <reporter-output>
          </reporter-output>
        </test-method> <!-- Login -->
        <test-method is-config="true" signature="closure()[pri:0, instance:tests.Login@5149d738]" started-at="2023-08-30T10:09:39 IST" name="closure" finished-at="2023-08-30T10:09:40 IST" duration-ms="766" status="PASS">
          <reporter-output>
          </reporter-output>
        </test-method> <!-- closure -->
      </class> <!-- tests.Login -->
    </test> <!-- Default test -->
  </suite> <!-- Default suite -->
</testng-results>
